<?xml version="1.0" encoding="UTF-8"?>
<!-- Generated by org.testng.reporters.JUnitReportReporter -->
<testsuite hostname="Abhijit" failures="0" tests="1" name="POM.FBloginTest" time="2.289" errors="0" timestamp="2024-06-29T16:59:14 IST" skipped="0">
  <testcase classname="POM.FBloginTest" name="FBloginPageTest" time="2.289">
    <system-out>
      <![CDATA[verifyFBloginPageFBLgogo
verifyFBloginPageFBTagline
verifyFBloginPageFBforgotPassword
setFBloginPageFBemailID
setFBloginPageFBpassword]]>
    </system-out>
  </testcase> <!-- FBloginPageTest -->
  <system-out>
    <![CDATA[verifyFBloginPageFBLgogo
verifyFBloginPageFBTagline
verifyFBloginPageFBforgotPassword
setFBloginPageFBemailID
setFBloginPageFBpassword]]>
  </system-out>
</testsuite> <!-- POM.FBloginTest -->
