<?xml version="1.0" encoding="UTF-8"?>
<!-- Generated by org.testng.reporters.JUnitReportReporter -->
<testsuite hostname="Abhijit" failures="0" tests="1" name="POM2.InventoryPageTest" time="5.301" errors="0" timestamp="2024-07-05T19:38:48 IST" skipped="0">
  <testcase classname="POM2.InventoryPageTest" name="SwabLabInventoryPage" time="5.301">
    <system-out>
      <![CDATA[setLoginPageUserName
setLoginPagePassWord
clickLoginPageLoginBtn
verifyLoginPageProductLogo
verifyLoginPageSwabLabLogo]]>
    </system-out>
  </testcase> <!-- SwabLabInventoryPage -->
  <system-out>
    <![CDATA[setLoginPageUserName
setLoginPagePassWord
clickLoginPageLoginBtn
verifyLoginPageProductLogo
verifyLoginPageSwabLabLogo]]>
  </system-out>
</testsuite> <!-- POM2.InventoryPageTest -->
