<?xml version="1.0" encoding="UTF-8"?>
<!-- Generated by org.testng.reporters.JUnitReportReporter -->
<testsuite hostname="Abhijit" failures="0" tests="1" name="POM2.FBfooterLinksPageTest" time="5.445" errors="0" timestamp="2023-12-04T12:58:35 IST" skipped="0">
  <testcase classname="POM2.FBfooterLinksPageTest" name="FaceBookFBfooterLinksPage" time="5.445"/>
</testsuite> <!-- POM2.FBfooterLinksPageTest -->
