<?xml version="1.0" encoding="UTF-8"?>
<!-- Generated by org.testng.reporters.JUnitReportReporter -->
<testsuite hostname="Abhijit" failures="0" tests="1" name="POM2.AmazonHomePageTest" time="6.447" errors="0" timestamp="2023-10-10T17:25:40 IST" skipped="0">
  <testcase classname="POM2.AmazonHomePageTest" name="AmazonSiteHomePageTest" time="6.447">
    <system-out>
      <![CDATA[verifyAmazonHomePageLogo
verifyAmazonHomePageSelectAddressTab
verifyAmazonHomePageSearchTab
verifyAmazonHomePageProductLinks]]>
    </system-out>
  </testcase> <!-- AmazonSiteHomePageTest -->
  <system-out>
    <![CDATA[verifyAmazonHomePageLogo
verifyAmazonHomePageSelectAddressTab
verifyAmazonHomePageSearchTab
verifyAmazonHomePageProductLinks]]>
  </system-out>
</testsuite> <!-- POM2.AmazonHomePageTest -->
