<?xml version="1.0" encoding="UTF-8"?>
<!-- Generated by org.testng.reporters.JUnitReportReporter -->
<testsuite hostname="Abhijit" failures="0" tests="1" name="POM.RedBusBookingPageTest" time="0.216" errors="0" timestamp="2023-09-25T13:09:01 IST" skipped="0">
  <testcase classname="POM.RedBusBookingPageTest" name="RBBookingPage" time="0.216">
    <system-out>
      <![CDATA[verifyRedBusBookingPageLogo
verifyRedBusBookingPageBusBookingTab
verifyRedBusBookingPageCabRentalTab
verifyRedBusBookingPageTrainTicketsTab
verifyRedBusBookingPageHelpTab]]>
    </system-out>
  </testcase> <!-- RBBookingPage -->
  <system-out>
    <![CDATA[verifyRedBusBookingPageLogo
verifyRedBusBookingPageBusBookingTab
verifyRedBusBookingPageCabRentalTab
verifyRedBusBookingPageTrainTicketsTab
verifyRedBusBookingPageHelpTab]]>
  </system-out>
</testsuite> <!-- POM.RedBusBookingPageTest -->
