<?xml version="1.0" encoding="UTF-8"?>
<!-- Generated by org.testng.reporters.JUnitReportReporter -->
<testsuite hostname="Abhijit" failures="0" tests="2" name="TestNGassert.Asserts" time="0.024" errors="0" timestamp="2023-09-23T13:55:00 IST" skipped="0">
  <testcase classname="TestNGassert.Asserts" name="sample2" time="0.002"/>
  <testcase classname="TestNGassert.Asserts" name="sample1" time="0.022"/>
</testsuite> <!-- TestNGassert.Asserts -->
