<?xml version="1.0" encoding="UTF-8"?>
<!-- Generated by org.testng.reporters.JUnitReportReporter -->
<testsuite hostname="Abhijit" failures="0" tests="1" name="POM.FlipkartHomePageTest" time="0.598" errors="0" timestamp="2023-09-25T19:07:22 IST" skipped="0">
  <testcase classname="POM.FlipkartHomePageTest" name="FKhomePageTest" time="0.598">
    <system-out>
      <![CDATA[clickFlipkartHomePageCancelTab
verifyFlipkartHomePageLogo
verifyFlipkartHomePageSearchTab
verifyFlipkartHomePageBecameSellerTab
verifyFlipkartHomePageSignInTab
verifyFlipkartHomePageCartTab]]>
    </system-out>
  </testcase> <!-- FKhomePageTest -->
  <system-out>
    <![CDATA[clickFlipkartHomePageCancelTab
verifyFlipkartHomePageLogo
verifyFlipkartHomePageSearchTab
verifyFlipkartHomePageBecameSellerTab
verifyFlipkartHomePageSignInTab
verifyFlipkartHomePageCartTab]]>
  </system-out>
</testsuite> <!-- POM.FlipkartHomePageTest -->
