<?xml version="1.0" encoding="UTF-8"?>
<!-- Generated by org.testng.reporters.JUnitReportReporter -->
<testsuite hostname="Abhijit" failures="0" tests="1" name="POM.ScauceDemoLoginPageTest" time="2.918" errors="0" timestamp="2024-07-04T17:20:46 IST" skipped="0">
  <testcase classname="POM.ScauceDemoLoginPageTest" name="LoginPage" time="2.918"/>
</testsuite> <!-- POM.ScauceDemoLoginPageTest -->
